2019-06-27 15:37:19.225 [Thread-6] INFO  io.github.biezhi.wechat.api.WechatClient -
				[*] 正在获取 uuid ... 
2019-06-27 15:37:19.551 [Thread-6] INFO  io.github.biezhi.wechat.api.WechatClient -
				[*] 正在获取二维码 ... 成功

2019-06-27 15:37:20.959 [Thread-6] INFO  io.github.biezhi.wechat.api.WechatClient -
				[*] 请使用微信扫描二维码以登录 ... 

2019-06-27 15:37:31.837 [Thread-8] INFO  io.github.biezhi.wechat.api.WechatClient -
				[*] 正在获取 uuid ... 
2019-06-27 15:37:31.920 [Thread-8] INFO  io.github.biezhi.wechat.api.WechatClient -
				[*] 正在获取二维码 ... 成功

2019-06-27 15:37:33.342 [Thread-8] INFO  io.github.biezhi.wechat.api.WechatClient -
				[*] 请使用微信扫描二维码以登录 ... 

2019-06-27 15:37:34.412 [Thread-8] INFO  io.github.biezhi.wechat.api.WechatClient -
				[*] 请在手机上点击确认以登录 ... 

2019-06-27 15:37:36.265 [Thread-8] INFO  io.github.biezhi.wechat.api.WechatApi -
				[*] 设置cookie [wxuin=1855157641;wxsid=RqfwbHBCO1KbmCsQ;wxloadtime=1561621056;mm_lang=zh_CN;webwx_data_ticket=gSfFaOQNVZnG/nT+FWd/2b/B;webwxuvid=af23517ca912a62d13633fe5cfef1aa1dff4ac9adab9317ad32fd17e2d75bf7ac4cc761698c55645fc2dfbb621bc832b;webwx_auth_ticket=CIsBEK7vqgoagAHiqsd+ypy88lBLBbD/5doCr/8jL0DNHEYbKnteh1tbvSHn5ngKyVRypnbDjAYc1r04bxIn8mqno559W+6eRPWBuBSJLAPSi8cBedCQtETZrBCSv+I+pf29/Fcoc5154fsQ2/vCABOwIhaSp3+88OttSLw3kZAo4Y2IlN1PL1lgCA==;]
2019-06-27 15:37:37.109 [Thread-9] INFO  io.github.biezhi.wechat.api.WechatClient -
				[*] 开启状态通知 ... 
2019-06-27 15:37:37.196 [Thread-9] INFO  io.github.biezhi.wechat.api.WechatClient -
				[*] 获取联系人 ... 
2019-06-27 15:37:39.991 [Thread-9] INFO  io.github.biezhi.wechat.api.WechatClient -
				[*] 应有 [0] 个联系人，读取到联系人 [121] 个

2019-06-27 15:37:39.993 [Thread-9] INFO  io.github.biezhi.wechat.api.WechatClient -
				[*] 共有 [5] 个群 | [121] 个直接联系人 | [31] 个特殊账号 ｜ [133] 个公众号/服务号

2019-06-27 15:37:43.148 [Thread-10] INFO  io.github.biezhi.wechat.api.WechatClient -
				intercept msg : type:51, msg:null
2019-06-27 15:37:47.491 [Thread-6] WARN  io.github.biezhi.wechat.api.WechatApi -
				[登陆超时] 

2019-06-27 15:37:48.492 [Thread-6] INFO  io.github.biezhi.wechat.api.WechatClient -
				[*] 请使用微信扫描二维码以登录 ... 

2019-06-27 15:37:48.927 [Thread-6] INFO  io.github.biezhi.wechat.api.WechatClient -
				[*] 请在手机上点击确认以登录 ... 

2019-06-27 15:37:49.899 [Thread-6] INFO  io.github.biezhi.wechat.api.WechatApi -
				[*] 设置cookie [wxuin=1855157641;wxsid=fEqt0l+GBqOcOcW+;wxloadtime=1561621070;mm_lang=zh_CN;webwx_data_ticket=gScI5s8n/ZoYEbIQu3m/V5HD;webwx_auth_ticket=CIsBEOvpjusKGoABL4m7N6hkHzRvl+SYox6AZq//Iy9AzRxGGyp7XodbW70h5+Z4CslUcqZ2w4wGHNa9OG8SJ/Jqp6OefVvunkT1gbgUiSwD0ovHAXnQkLRE2awQkr/iPqX9vfxXKHOdeeH7ENv7wgATsCIWkqd/vPDrbUi8N5GQKOGNiJTdTy9ZYAg=;]
2019-06-27 15:37:52.057 [Thread-12] INFO  io.github.biezhi.wechat.api.WechatClient -
				[*] 开启状态通知 ... 
2019-06-27 15:37:52.528 [Thread-12] INFO  io.github.biezhi.wechat.api.WechatClient -
				[*] 获取联系人 ... 
2019-06-27 15:37:53.866 [Thread-12] INFO  io.github.biezhi.wechat.api.WechatClient -
				[*] 应有 [0] 个联系人，读取到联系人 [0] 个

2019-06-27 15:37:53.866 [Thread-12] INFO  io.github.biezhi.wechat.api.WechatClient -
				[*] 共有 [0] 个群 | [0] 个直接联系人 | [30] 个特殊账号 ｜ [0] 个公众号/服务号

2019-06-27 15:37:53.951 [Thread-10] INFO  io.github.biezhi.wechat.api.WechatClient -
				intercept msg : type:51, msg:null
2019-06-27 15:38:06.910 [Thread-13] INFO  io.github.biezhi.wechat.api.WechatClient -
				[*] 正在获取 uuid ... 
2019-06-27 15:38:06.974 [Thread-13] INFO  io.github.biezhi.wechat.api.WechatClient -
				[*] 正在获取二维码 ... 成功

2019-06-27 15:38:08.209 [Thread-13] INFO  io.github.biezhi.wechat.api.WechatClient -
				[*] 请使用微信扫描二维码以登录 ... 

2019-06-27 15:38:14.985 [Thread-10] WARN  io.github.biezhi.wechat.api.WechatClient -
				[*] 你在手机上登出了微信

